<?xml version="1.0" encoding="UTF-8"?>
<!-- Generated by org.testng.reporters.JUnitXMLReporter -->
<testsuite hostname="LAPTOP-I2BQG333" ignored="1" name="Default test" tests="5" failures="0" timestamp="24 May 2022 06:06:54 GMT" time="0.081" errors="0">
  <testcase name="test1" time="0.0" classname="com.sam.SampleTestng"/>
  <testcase name="test" time="0.0" classname="com.sam.SampleTestng"/>
  <testcase name="test2" time="0.0" classname="com.sam.SampleTestng"/>
  <testcase name="test2" time="0.0" classname="com.sam.SampleTestng"/>
  <testcase name="test3" time="0.0" classname="com.sam.SampleTestng"/>
  <testcase name="test4" time="0.0" classname="com.sam.SampleTestng">
    <ignored/>
  </testcase> <!-- test4 -->
</testsuite> <!-- Default test -->
